\BOOKMARK [0][-]{section*.1}{\315ndice general}{}% 1
\BOOKMARK [0][-]{section*.2}{\315ndice de figuras}{}% 2
\BOOKMARK [0][-]{section*.3}{\315ndice de tablas}{}% 3
\BOOKMARK [0][-]{chapter*.4}{Introducci\363n}{}% 4
\BOOKMARK [1][-]{section.1.1}{Introducci\363n}{chapter*.4}% 5
\BOOKMARK [1][-]{section.1.2}{Contenido del proyecto}{chapter*.4}% 6
\BOOKMARK [0][-]{chapter*.5}{Objetivos del proyecto}{}% 7
\BOOKMARK [1][-]{section.2.1}{Objetivos generales}{chapter*.5}% 8
\BOOKMARK [1][-]{section.2.2}{Objetivos t\351cnicos}{chapter*.5}% 9
\BOOKMARK [1][-]{section.2.3}{Objetivos personales}{chapter*.5}% 10
\BOOKMARK [0][-]{chapter*.6}{Conceptos te\363ricos}{}% 11
\BOOKMARK [1][-]{section.3.1}{Levantamiento topogr\341fico}{chapter*.6}% 12
\BOOKMARK [1][-]{section.3.2}{Archivo DXF. Elementos del dibujo}{chapter*.6}% 13
\BOOKMARK [1][-]{section.3.3}{Codificaci\363n de los puntos}{chapter*.6}% 14
\BOOKMARK [0][-]{chapter*.7}{T\351cnicas y herramientas}{}% 15
\BOOKMARK [1][-]{section.4.1}{Metodolog\355as}{chapter*.7}% 16
\BOOKMARK [1][-]{section.4.2}{Patrones de dise\361o}{chapter*.7}% 17
\BOOKMARK [1][-]{section.4.3}{Control de Versiones}{chapter*.7}% 18
\BOOKMARK [1][-]{section.4.4}{Hosting del repositorio}{chapter*.7}% 19
\BOOKMARK [1][-]{section.4.5}{Gesti\363n del proyecto}{chapter*.7}% 20
\BOOKMARK [1][-]{section.4.6}{Entorno de desarrollo integrado \(IDE\)}{chapter*.7}% 21
\BOOKMARK [1][-]{section.4.7}{Servicios de integraci\363n continua}{chapter*.7}% 22
\BOOKMARK [1][-]{section.4.8}{Herramienta de an\341lisis sint\341ctico}{chapter*.7}% 23
\BOOKMARK [1][-]{section.4.9}{Librer\355as}{chapter*.7}% 24
\BOOKMARK [1][-]{section.4.10}{Desarrollo Web}{chapter*.7}% 25
\BOOKMARK [1][-]{section.4.11}{Base de Datos. PostGIS}{chapter*.7}% 26
\BOOKMARK [1][-]{section.4.12}{Despliegue de la aplicaci\363n}{chapter*.7}% 27
\BOOKMARK [0][-]{chapter*.18}{Aspectos relevantes del desarrollo del proyecto}{}% 28
\BOOKMARK [1][-]{section.5.1}{Inicio del proyecto}{chapter*.18}% 29
\BOOKMARK [1][-]{section.5.2}{Gesti\363n del proyecto}{chapter*.18}% 30
\BOOKMARK [1][-]{section.5.3}{Formaci\363n}{chapter*.18}% 31
\BOOKMARK [1][-]{section.5.4}{Desarrollo de la aplicaci\363n}{chapter*.18}% 32
\BOOKMARK [1][-]{section.5.5}{Problemas y curiosidades surgidos en el desarrollo del proyecto}{chapter*.18}% 33
\BOOKMARK [0][-]{chapter*.22}{Trabajos relacionados}{}% 34
\BOOKMARK [0][-]{chapter*.23}{Conclusiones y L\355neas de trabajo futuras}{}% 35
